<html>
<head>
<title>TestNG:  Default test</title>
<link href="../testng.css" rel="stylesheet" type="text/css" />
<link href="../my-testng.css" rel="stylesheet" type="text/css" />

<style type="text/css">
.log { display: none;} 
.stack-trace { display: none;} 
</style>
<script type="text/javascript">
<!--
function flip(e) {
  current = e.style.display;
  if (current == 'block') {
    e.style.display = 'none';
    return 0;
  }
  else {
    e.style.display = 'block';
    return 1;
  }
}

function toggleBox(szDivId, elem, msg1, msg2)
{
  var res = -1;  if (document.getElementById) {
    res = flip(document.getElementById(szDivId));
  }
  else if (document.all) {
    // this is the way old msie versions work
    res = flip(document.all[szDivId]);
  }
  if(elem) {
    if(res == 0) elem.innerHTML = msg1; else elem.innerHTML = msg2;
  }

}

function toggleAllBoxes() {
  if (document.getElementsByTagName) {
    d = document.getElementsByTagName('div');
    for (i = 0; i < d.length; i++) {
      if (d[i].className == 'log') {
        flip(d[i]);
      }
    }
  }
}

// -->
</script>

</head>
<body>
<h2 align='center'>Default test</h2><table border='1' align="center">
<tr>
<td>Tests passed/Failed/Skipped:</td><td>0/0/12</td>
</tr><tr>
<td>Started on:</td><td>Tue Mar 29 13:50:48 ICT 2016</td>
</tr>
<tr><td>Total time:</td><td>0 seconds (542 ms)</td>
</tr><tr>
<td>Included groups:</td><td></td>
</tr><tr>
<td>Excluded groups:</td><td></td>
</tr>
</table><p/>
<small><i>(Hover the method name to see the test class name)</i></small><p/>
<table width='100%' border='1' class='invocation-failed'>
<tr><td colspan='4' align='center'><b>FAILED CONFIGURATIONS</b></td></tr>
<tr><td><b>Test method</b></td>
<td width="30%"><b>Exception</b></td>
<td width="10%"><b>Time (seconds)</b></td>
<td><b>Instance</b></td>
</tr>
<tr>
<td title='pagetests.VerifySampleTestCase.setUp()'><b>setUp</b><br>Test class: pagetests.VerifySampleTestCase</td>
<td><div><pre>org.testng.TestNGException: 
Parameter &apos;browser&apos; is required by @Configuration on method setUp but has not been marked @Optional or defined
in C:\Users\User\AppData\Local\Temp\testng-eclipse-2069073661\testng-customsuite.xml
	at org.testng.internal.Parameters.createParameters(Parameters.java:148)
	at org.testng.internal.Parameters.createParameters(Parameters.java:361)
	at org.testng.internal.Parameters.createConfigurationParameters(Parameters.java:84)
	at org.testng.internal.Invoker.invokeConfigurations(Invoker.java:197)
	at org.testng.internal.Invoker.invokeConfigurations(Invoker.java:138)
	at org.testng.TestRunner.beforeRun(TestRunner.java:647)
	at org.testng.TestRunner.run(TestRunner.java:615)
	at org.testng.SuiteRunner.runTest(SuiteRunner.java:357)
	at org.testng.SuiteRunner.runSequentially(SuiteRunner.java:352)
	at org.testng.SuiteRunner.privateRun(SuiteRunner.java:310)
	at org.testng.SuiteRunner.run(SuiteRunner.java:259)
	at org.testng.SuiteRunnerWorker.runSuite(SuiteRunnerWorker.java:52)
	at org.testng.SuiteRunnerWorker.run(SuiteRunnerWorker.java:86)
	at org.testng.TestNG.runSuitesSequentially(TestNG.java:1185)
	at org.testng.TestNG.runSuitesLocally(TestNG.java:1110)
	at org.testng.TestNG.run(TestNG.java:1018)
	at org.testng.remote.AbstractRemoteTestNG.run(AbstractRemoteTestNG.java:126)
	at org.testng.remote.RemoteTestNG.initAndRun(RemoteTestNG.java:75)
	at org.testng.remote.RemoteTestNG.main(RemoteTestNG.java:46)
</pre></div><a href='#' onClick='toggleBox("stack-trace1273765644", this, "Click to show all stack frames", "Click to hide stack frames")'>Click to show all stack frames</a>
<div class='stack-trace' id='stack-trace1273765644'><pre>org.testng.TestNGException: 
Parameter &apos;browser&apos; is required by @Configuration on method setUp but has not been marked @Optional or defined
in C:\Users\User\AppData\Local\Temp\testng-eclipse-2069073661\testng-customsuite.xml
	at org.testng.internal.Parameters.createParameters(Parameters.java:148)
	at org.testng.internal.Parameters.createParameters(Parameters.java:361)
	at org.testng.internal.Parameters.createConfigurationParameters(Parameters.java:84)
	at org.testng.internal.Invoker.invokeConfigurations(Invoker.java:197)
	at org.testng.internal.Invoker.invokeConfigurations(Invoker.java:138)
	at org.testng.TestRunner.beforeRun(TestRunner.java:647)
	at org.testng.TestRunner.run(TestRunner.java:615)
	at org.testng.SuiteRunner.runTest(SuiteRunner.java:357)
	at org.testng.SuiteRunner.runSequentially(SuiteRunner.java:352)
	at org.testng.SuiteRunner.privateRun(SuiteRunner.java:310)
	at org.testng.SuiteRunner.run(SuiteRunner.java:259)
	at org.testng.SuiteRunnerWorker.runSuite(SuiteRunnerWorker.java:52)
	at org.testng.SuiteRunnerWorker.run(SuiteRunnerWorker.java:86)
	at org.testng.TestNG.runSuitesSequentially(TestNG.java:1185)
	at org.testng.TestNG.runSuitesLocally(TestNG.java:1110)
	at org.testng.TestNG.run(TestNG.java:1018)
	at org.testng.remote.AbstractRemoteTestNG.run(AbstractRemoteTestNG.java:126)
	at org.testng.remote.RemoteTestNG.initAndRun(RemoteTestNG.java:75)
	at org.testng.remote.RemoteTestNG.main(RemoteTestNG.java:46)
</pre></div></td>
<td>0</td>
<td>null</td></tr>
<tr>
<td title='pagetests.VerifySampleTestCase.cleanUp()'><b>cleanUp</b><br>Test class: pagetests.VerifySampleTestCase</td>
<td><div><pre>java.lang.NullPointerException
	at pagetests.BaseTest.clean(BaseTest.java:84)
	at pagetests.VerifySampleTestCase.cleanUp(VerifySampleTestCase.java:22)
	at sun.reflect.NativeMethodAccessorImpl.invoke0(Native Method)
	at sun.reflect.NativeMethodAccessorImpl.invoke(Unknown Source)
	at sun.reflect.DelegatingMethodAccessorImpl.invoke(Unknown Source)
	at java.lang.reflect.Method.invoke(Unknown Source)
	at org.testng.internal.MethodInvocationHelper.invokeMethod(MethodInvocationHelper.java:85)
	at org.testng.internal.Invoker.invokeConfigurationMethod(Invoker.java:510)
	at org.testng.internal.Invoker.invokeConfigurations(Invoker.java:211)
	at org.testng.internal.Invoker.invokeConfigurations(Invoker.java:138)
	at org.testng.TestRunner.afterRun(TestRunner.java:1027)
	at org.testng.TestRunner.run(TestRunner.java:627)
	at org.testng.SuiteRunner.runTest(SuiteRunner.java:357)
	at org.testng.SuiteRunner.runSequentially(SuiteRunner.java:352)
	at org.testng.SuiteRunner.privateRun(SuiteRunner.java:310)
	at org.testng.SuiteRunner.run(SuiteRunner.java:259)
	at org.testng.SuiteRunnerWorker.runSuite(SuiteRunnerWorker.java:52)
	at org.testng.SuiteRunnerWorker.run(SuiteRunnerWorker.java:86)
	at org.testng.TestNG.runSuitesSequentially(TestNG.java:1185)
	at org.testng.TestNG.runSuitesLocally(TestNG.java:1110)
	at org.testng.TestNG.run(TestNG.java:1018)
	at org.testng.remote.AbstractRemoteTestNG.run(AbstractRemoteTestNG.java:126)
	at org.testng.remote.RemoteTestNG.initAndRun(RemoteTestNG.java:75)
	at org.testng.remote.RemoteTestNG.main(RemoteTestNG.java:46)
</pre></div><a href='#' onClick='toggleBox("stack-trace752684363", this, "Click to show all stack frames", "Click to hide stack frames")'>Click to show all stack frames</a>
<div class='stack-trace' id='stack-trace752684363'><pre>java.lang.NullPointerException
	at pagetests.BaseTest.clean(BaseTest.java:84)
	at pagetests.VerifySampleTestCase.cleanUp(VerifySampleTestCase.java:22)
	at sun.reflect.NativeMethodAccessorImpl.invoke0(Native Method)
	at sun.reflect.NativeMethodAccessorImpl.invoke(Unknown Source)
	at sun.reflect.DelegatingMethodAccessorImpl.invoke(Unknown Source)
	at java.lang.reflect.Method.invoke(Unknown Source)
	at org.testng.internal.MethodInvocationHelper.invokeMethod(MethodInvocationHelper.java:85)
	at org.testng.internal.Invoker.invokeConfigurationMethod(Invoker.java:510)
	at org.testng.internal.Invoker.invokeConfigurations(Invoker.java:211)
	at org.testng.internal.Invoker.invokeConfigurations(Invoker.java:138)
	at org.testng.TestRunner.afterRun(TestRunner.java:1027)
	at org.testng.TestRunner.run(TestRunner.java:627)
	at org.testng.SuiteRunner.runTest(SuiteRunner.java:357)
	at org.testng.SuiteRunner.runSequentially(SuiteRunner.java:352)
	at org.testng.SuiteRunner.privateRun(SuiteRunner.java:310)
	at org.testng.SuiteRunner.run(SuiteRunner.java:259)
	at org.testng.SuiteRunnerWorker.runSuite(SuiteRunnerWorker.java:52)
	at org.testng.SuiteRunnerWorker.run(SuiteRunnerWorker.java:86)
	at org.testng.TestNG.runSuitesSequentially(TestNG.java:1185)
	at org.testng.TestNG.runSuitesLocally(TestNG.java:1110)
	at org.testng.TestNG.run(TestNG.java:1018)
	at org.testng.remote.AbstractRemoteTestNG.run(AbstractRemoteTestNG.java:126)
	at org.testng.remote.RemoteTestNG.initAndRun(RemoteTestNG.java:75)
	at org.testng.remote.RemoteTestNG.main(RemoteTestNG.java:46)
</pre></div></td>
<td>0</td>
<td>null</td></tr>
</table><p>
<table width='100%' border='1' class='invocation-skipped'>
<tr><td colspan='4' align='center'><b>SKIPPED TESTS</b></td></tr>
<tr><td><b>Test method</b></td>
<td width="30%"><b>Exception</b></td>
<td width="10%"><b>Time (seconds)</b></td>
<td><b>Instance</b></td>
</tr>
<tr>
<td title='pagetests.VerifySampleTestCase.test_1()'><b>test_1</b><br>Test class: pagetests.VerifySampleTestCase<br>Test method: Verify Adoption-Page checkLion</td>
<td></td>
<td>0</td>
<td>pagetests.VerifySampleTestCase@3e6fa38a</td></tr>
<tr>
<td title='pagetests.VerifySampleTestCase.test_2()'><b>test_2</b><br>Test class: pagetests.VerifySampleTestCase<br>Test method: Verify Adoption-Page checkTurle</td>
<td><div><pre>java.lang.Throwable: Method VerifySampleTestCase.test_2()[pri:0, instance:pagetests.VerifySampleTestCase@3e6fa38a] depends on not successfully finished methods
	at org.testng.internal.Invoker.invokeTestMethods(Invoker.java:1040)
	at org.testng.internal.TestMethodWorker.invokeTestMethods(TestMethodWorker.java:124)
	at org.testng.internal.TestMethodWorker.run(TestMethodWorker.java:108)
	at org.testng.TestRunner.privateRun(TestRunner.java:773)
	at org.testng.TestRunner.run(TestRunner.java:623)
	at org.testng.SuiteRunner.runTest(SuiteRunner.java:357)
	at org.testng.SuiteRunner.runSequentially(SuiteRunner.java:352)
	at org.testng.SuiteRunner.privateRun(SuiteRunner.java:310)
	at org.testng.SuiteRunner.run(SuiteRunner.java:259)
	at org.testng.SuiteRunnerWorker.runSuite(SuiteRunnerWorker.java:52)
	at org.testng.SuiteRunnerWorker.run(SuiteRunnerWorker.java:86)
	at org.testng.TestNG.runSuitesSequentially(TestNG.java:1185)
	at org.testng.TestNG.runSuitesLocally(TestNG.java:1110)
	at org.testng.TestNG.run(TestNG.java:1018)
	at org.testng.remote.AbstractRemoteTestNG.run(AbstractRemoteTestNG.java:126)
	at org.testng.remote.RemoteTestNG.initAndRun(RemoteTestNG.java:75)
	at org.testng.remote.RemoteTestNG.main(RemoteTestNG.java:46)
</pre></div><a href='#' onClick='toggleBox("stack-trace1760126453", this, "Click to show all stack frames", "Click to hide stack frames")'>Click to show all stack frames</a>
<div class='stack-trace' id='stack-trace1760126453'><pre>java.lang.Throwable: Method VerifySampleTestCase.test_2()[pri:0, instance:pagetests.VerifySampleTestCase@3e6fa38a] depends on not successfully finished methods
	at org.testng.internal.Invoker.invokeTestMethods(Invoker.java:1040)
	at org.testng.internal.TestMethodWorker.invokeTestMethods(TestMethodWorker.java:124)
	at org.testng.internal.TestMethodWorker.run(TestMethodWorker.java:108)
	at org.testng.TestRunner.privateRun(TestRunner.java:773)
	at org.testng.TestRunner.run(TestRunner.java:623)
	at org.testng.SuiteRunner.runTest(SuiteRunner.java:357)
	at org.testng.SuiteRunner.runSequentially(SuiteRunner.java:352)
	at org.testng.SuiteRunner.privateRun(SuiteRunner.java:310)
	at org.testng.SuiteRunner.run(SuiteRunner.java:259)
	at org.testng.SuiteRunnerWorker.runSuite(SuiteRunnerWorker.java:52)
	at org.testng.SuiteRunnerWorker.run(SuiteRunnerWorker.java:86)
	at org.testng.TestNG.runSuitesSequentially(TestNG.java:1185)
	at org.testng.TestNG.runSuitesLocally(TestNG.java:1110)
	at org.testng.TestNG.run(TestNG.java:1018)
	at org.testng.remote.AbstractRemoteTestNG.run(AbstractRemoteTestNG.java:126)
	at org.testng.remote.RemoteTestNG.initAndRun(RemoteTestNG.java:75)
	at org.testng.remote.RemoteTestNG.main(RemoteTestNG.java:46)
</pre></div></td>
<td>0</td>
<td>null</td></tr>
<tr>
<td title='pagetests.VerifySampleTestCase.test_3()'><b>test_3</b><br>Test class: pagetests.VerifySampleTestCase<br>Test method: Verify Adoption-Page checkTurle, DataProvider Object<br>Parameters: name, address, email, postcode</td>
<td></td>
<td>0</td>
<td>pagetests.VerifySampleTestCase@3e6fa38a</td></tr>
<tr>
<td title='pagetests.VerifySampleTestCase.test_3()'><b>test_3</b><br>Test class: pagetests.VerifySampleTestCase<br>Test method: Verify Adoption-Page checkTurle, DataProvider Object<br>Parameters: John, vietnam, email@yahoo.com, 70000</td>
<td></td>
<td>0</td>
<td>pagetests.VerifySampleTestCase@3e6fa38a</td></tr>
<tr>
<td title='pagetests.VerifySampleTestCase.test_3()'><b>test_3</b><br>Test class: pagetests.VerifySampleTestCase<br>Test method: Verify Adoption-Page checkTurle, DataProvider Object<br>Parameters: Peter, england, email@google.com, 76860</td>
<td></td>
<td>0</td>
<td>pagetests.VerifySampleTestCase@3e6fa38a</td></tr>
<tr>
<td title='pagetests.VerifySampleTestCase.test_4()'><b>test_4</b><br>Test class: pagetests.VerifySampleTestCase<br>Test method: Verify User Information  using Excel dataset<br>Parameters: name1, address1, email1@yahoo.com, postcode1</td>
<td></td>
<td>0</td>
<td>pagetests.VerifySampleTestCase@3e6fa38a</td></tr>
<tr>
<td title='pagetests.VerifySampleTestCase.test_4()'><b>test_4</b><br>Test class: pagetests.VerifySampleTestCase<br>Test method: Verify User Information  using Excel dataset<br>Parameters: name2, address2, email2@yahoo.com, postcode2</td>
<td></td>
<td>0</td>
<td>pagetests.VerifySampleTestCase@3e6fa38a</td></tr>
<tr>
<td title='pagetests.VerifySampleTestCase.test_4()'><b>test_4</b><br>Test class: pagetests.VerifySampleTestCase<br>Test method: Verify User Information  using Excel dataset<br>Parameters: name3, address3, email3@yahoo.com, postcode3</td>
<td></td>
<td>0</td>
<td>pagetests.VerifySampleTestCase@3e6fa38a</td></tr>
<tr>
<td title='pagetests.VerifySampleTestCase.test_4()'><b>test_4</b><br>Test class: pagetests.VerifySampleTestCase<br>Test method: Verify User Information  using Excel dataset<br>Parameters: name4, address4, email4@yahoo.com, postcode4</td>
<td></td>
<td>0</td>
<td>pagetests.VerifySampleTestCase@3e6fa38a</td></tr>
<tr>
<td title='pagetests.VerifySampleTestCase.test_4()'><b>test_4</b><br>Test class: pagetests.VerifySampleTestCase<br>Test method: Verify User Information  using Excel dataset<br>Parameters: name5, address5, email5@yahoo.com, postcode5</td>
<td></td>
<td>0</td>
<td>pagetests.VerifySampleTestCase@3e6fa38a</td></tr>
<tr>
<td title='pagetests.VerifySampleTestCase.test_4()'><b>test_4</b><br>Test class: pagetests.VerifySampleTestCase<br>Test method: Verify User Information  using Excel dataset<br>Parameters: name6, address6, email6@yahoo.com, postcode6</td>
<td></td>
<td>0</td>
<td>pagetests.VerifySampleTestCase@3e6fa38a</td></tr>
<tr>
<td title='pagetests.VerifySampleTestCase.test_4()'><b>test_4</b><br>Test class: pagetests.VerifySampleTestCase<br>Test method: Verify User Information  using Excel dataset<br>Parameters: name7, address7, email7@yahoo.com, postcode7</td>
<td></td>
<td>0</td>
<td>pagetests.VerifySampleTestCase@3e6fa38a</td></tr>
</table><p>
</body>
</html>