<?xml version="1.0" encoding="UTF-8"?>
<!-- Generated by org.testng.reporters.JUnitXMLReporter -->
<testsuite hostname="PC6" name="Default test" tests="12" failures="0" timestamp="29 Mar 2016 06:50:49 GMT" time="0.542" errors="0">
  <testcase name="@BeforeTest setUp" time="0.0" classname="pagetests.VerifySampleTestCase">
    <failure type="org.testng.TestNGException" message="
Parameter &amp;apos;browser&amp;apos; is required by @Configuration on method setUp but has not been marked @Optional or defined
in C:\Users\User\AppData\Local\Temp\testng-eclipse-2069073661\testng-customsuite.xml">
      <![CDATA[org.testng.TestNGException: 
Parameter 'browser' is required by @Configuration on method setUp but has not been marked @Optional or defined
in C:\Users\User\AppData\Local\Temp\testng-eclipse-2069073661\testng-customsuite.xml
	at org.testng.internal.Parameters.createParameters(Parameters.java:148)
	at org.testng.internal.Parameters.createParameters(Parameters.java:361)
	at org.testng.internal.Parameters.createConfigurationParameters(Parameters.java:84)
	at org.testng.internal.Invoker.invokeConfigurations(Invoker.java:197)
	at org.testng.internal.Invoker.invokeConfigurations(Invoker.java:138)
	at org.testng.TestRunner.beforeRun(TestRunner.java:647)
	at org.testng.TestRunner.run(TestRunner.java:615)
	at org.testng.SuiteRunner.runTest(SuiteRunner.java:357)
	at org.testng.SuiteRunner.runSequentially(SuiteRunner.java:352)
	at org.testng.SuiteRunner.privateRun(SuiteRunner.java:310)
	at org.testng.SuiteRunner.run(SuiteRunner.java:259)
	at org.testng.SuiteRunnerWorker.runSuite(SuiteRunnerWorker.java:52)
	at org.testng.SuiteRunnerWorker.run(SuiteRunnerWorker.java:86)
	at org.testng.TestNG.runSuitesSequentially(TestNG.java:1185)
	at org.testng.TestNG.runSuitesLocally(TestNG.java:1110)
	at org.testng.TestNG.run(TestNG.java:1018)
	at org.testng.remote.AbstractRemoteTestNG.run(AbstractRemoteTestNG.java:126)
	at org.testng.remote.RemoteTestNG.initAndRun(RemoteTestNG.java:75)
	at org.testng.remote.RemoteTestNG.main(RemoteTestNG.java:46)
]]>
    </failure>
  </testcase> <!-- @BeforeTest setUp -->
  <testcase name="@AfterTest cleanUp" time="0.0" classname="pagetests.VerifySampleTestCase">
    <failure type="java.lang.NullPointerException">
      <![CDATA[java.lang.NullPointerException
	at pagetests.BaseTest.clean(BaseTest.java:84)
	at pagetests.VerifySampleTestCase.cleanUp(VerifySampleTestCase.java:22)
	at sun.reflect.NativeMethodAccessorImpl.invoke0(Native Method)
	at sun.reflect.NativeMethodAccessorImpl.invoke(Unknown Source)
	at sun.reflect.DelegatingMethodAccessorImpl.invoke(Unknown Source)
	at java.lang.reflect.Method.invoke(Unknown Source)
	at org.testng.internal.MethodInvocationHelper.invokeMethod(MethodInvocationHelper.java:85)
	at org.testng.internal.Invoker.invokeConfigurationMethod(Invoker.java:510)
	at org.testng.internal.Invoker.invokeConfigurations(Invoker.java:211)
	at org.testng.internal.Invoker.invokeConfigurations(Invoker.java:138)
	at org.testng.TestRunner.afterRun(TestRunner.java:1027)
	at org.testng.TestRunner.run(TestRunner.java:627)
	at org.testng.SuiteRunner.runTest(SuiteRunner.java:357)
	at org.testng.SuiteRunner.runSequentially(SuiteRunner.java:352)
	at org.testng.SuiteRunner.privateRun(SuiteRunner.java:310)
	at org.testng.SuiteRunner.run(SuiteRunner.java:259)
	at org.testng.SuiteRunnerWorker.runSuite(SuiteRunnerWorker.java:52)
	at org.testng.SuiteRunnerWorker.run(SuiteRunnerWorker.java:86)
	at org.testng.TestNG.runSuitesSequentially(TestNG.java:1185)
	at org.testng.TestNG.runSuitesLocally(TestNG.java:1110)
	at org.testng.TestNG.run(TestNG.java:1018)
	at org.testng.remote.AbstractRemoteTestNG.run(AbstractRemoteTestNG.java:126)
	at org.testng.remote.RemoteTestNG.initAndRun(RemoteTestNG.java:75)
	at org.testng.remote.RemoteTestNG.main(RemoteTestNG.java:46)
]]>
    </failure>
  </testcase> <!-- @AfterTest cleanUp -->
  <testcase name="test_1" time="0.004" classname="pagetests.VerifySampleTestCase">
    <skipped/>
  </testcase> <!-- test_1 -->
  <testcase name="test_3" time="0.001" classname="pagetests.VerifySampleTestCase">
    <skipped/>
  </testcase> <!-- test_3 -->
  <testcase name="test_3" time="0.0" classname="pagetests.VerifySampleTestCase">
    <skipped/>
  </testcase> <!-- test_3 -->
  <testcase name="test_3" time="0.001" classname="pagetests.VerifySampleTestCase">
    <skipped/>
  </testcase> <!-- test_3 -->
  <testcase name="test_4" time="0.0" classname="pagetests.VerifySampleTestCase">
    <skipped/>
  </testcase> <!-- test_4 -->
  <testcase name="test_4" time="0.001" classname="pagetests.VerifySampleTestCase">
    <skipped/>
  </testcase> <!-- test_4 -->
  <testcase name="test_4" time="0.001" classname="pagetests.VerifySampleTestCase">
    <skipped/>
  </testcase> <!-- test_4 -->
  <testcase name="test_4" time="0.0" classname="pagetests.VerifySampleTestCase">
    <skipped/>
  </testcase> <!-- test_4 -->
  <testcase name="test_4" time="0.0" classname="pagetests.VerifySampleTestCase">
    <skipped/>
  </testcase> <!-- test_4 -->
  <testcase name="test_4" time="0.0" classname="pagetests.VerifySampleTestCase">
    <skipped/>
  </testcase> <!-- test_4 -->
  <testcase name="test_4" time="0.0" classname="pagetests.VerifySampleTestCase">
    <skipped/>
  </testcase> <!-- test_4 -->
  <testcase name="test_2" time="0.0" classname="pagetests.VerifySampleTestCase">
    <skipped/>
  </testcase> <!-- test_2 -->
</testsuite> <!-- Default test -->
